{"D:\\Обучение\\Обучение\\ajs-homeworks\\unit-test\\ajs-homework-unit-test\\src\\js\\health.js": {"path":"D:\\Обучение\\Обучение\\ajs-homeworks\\unit-test\\ajs-homework-unit-test\\src\\js\\health.js","statementMap":{"0":{"start":{"line":2,"column":4},"end":{"line":2,"column":43}},"1":{"start":{"line":2,"column":26},"end":{"line":2,"column":43}},"2":{"start":{"line":3,"column":4},"end":{"line":3,"column":65}},"3":{"start":{"line":3,"column":48},"end":{"line":3,"column":65}},"4":{"start":{"line":4,"column":4},"end":{"line":4,"column":22}}},"fnMap":{"0":{"name":"playersHealth","decl":{"start":{"line":1,"column":24},"end":{"line":1,"column":37}},"loc":{"start":{"line":1,"column":44},"end":{"line":5,"column":1}},"line":1}},"branchMap":{"0":{"loc":{"start":{"line":2,"column":4},"end":{"line":2,"column":43}},"type":"if","locations":[{"start":{"line":2,"column":4},"end":{"line":2,"column":43}},{"start":{},"end":{}}],"line":2},"1":{"loc":{"start":{"line":3,"column":4},"end":{"line":3,"column":65}},"type":"if","locations":[{"start":{"line":3,"column":4},"end":{"line":3,"column":65}},{"start":{},"end":{}}],"line":3},"2":{"loc":{"start":{"line":3,"column":8},"end":{"line":3,"column":46}},"type":"binary-expr","locations":[{"start":{"line":3,"column":8},"end":{"line":3,"column":25}},{"start":{"line":3,"column":29},"end":{"line":3,"column":46}}],"line":3}},"s":{"0":3,"1":1,"2":2,"3":1,"4":1},"f":{"0":3},"b":{"0":[1,2],"1":[1,1],"2":[2,2]},"_coverageSchema":"1a1c01bbd47fc00a2c39e90264f33305004495a9","hash":"0efebde1b7f9b0527dede036095231c517a35fd3"}
}
